2022-06-12 21:05:01,469 (INFO)	||| Initing extract of ETL to obtain BTC historical data in USD value!
2022-06-12 21:05:02,672 (INFO)	||| Initing data transform of BTC historical data!
2022-06-12 21:05:02,676 (INFO)	||| ETL finished!
2022-06-12 21:05:02,676 (INFO)	||| test finished!
2022-06-12 21:05:02,677 (INFO)	||| Initing extract of ETL to obtain ETH historical data in USD value!
2022-06-12 21:05:04,150 (INFO)	||| Initing data transform of ETH historical data!
2022-06-12 21:05:04,167 (INFO)	||| ETL finished!
2022-06-12 21:05:04,169 (INFO)	||| test finished!
2022-06-12 21:05:04,173 (INFO)	||| Initing extract of ETL to obtain ADA historical data in USD value!
2022-06-12 21:05:05,733 (INFO)	||| Initing data transform of ADA historical data!
2022-06-12 21:05:05,739 (INFO)	||| ETL finished!
2022-06-12 21:05:05,740 (INFO)	||| test finished!
2022-06-12 21:05:05,741 (INFO)	||| Initing extract of ETL to obtain DOGE historical data in USD value!
2022-06-12 21:05:06,860 (INFO)	||| Initing data transform of DOGE historical data!
2022-06-12 21:05:06,866 (INFO)	||| ETL finished!
2022-06-12 21:05:06,867 (INFO)	||| test finished!
2022-06-12 21:05:06,869 (INFO)	||| Initing extract of ETL to obtain XRP historical data in USD value!
2022-06-12 21:05:07,447 (INFO)	||| Initing data transform of XRP historical data!
2022-06-12 21:05:07,454 (INFO)	||| ETL finished!
2022-06-12 21:05:07,455 (INFO)	||| test finished!
2022-06-12 21:05:15,915 (INFO)	||| Initing extract of ETL to obtain BTC historical data in USD value!
2022-06-12 21:05:16,613 (WARNING)	||| Extracting less rows from Alpha Vantage API than waited (1000 != 2)!
2022-06-12 21:05:16,614 (ERROR)	||| Extracting diferent quantity of columns from Alpha Vantage API than expected (11 != 1)!
2022-06-12 21:05:16,615 (ERROR)	||| Generic error in ETL's test, check the code!
2022-06-12 21:06:40,856 (INFO)	||| Initing extract of ETL to obtain BTC historical data in USD value!
2022-06-12 21:06:41,623 (INFO)	||| Initing data transform of BTC historical data!
2022-06-12 21:06:41,637 (INFO)	||| ETL finished!
2022-06-12 21:06:41,639 (INFO)	||| test finished!
2022-06-12 21:06:41,640 (INFO)	||| Initing extract of ETL to obtain BTC historical data in BRL value!
2022-06-12 21:06:42,093 (INFO)	||| Initing data transform of BTC historical data!
2022-06-12 21:06:42,097 (INFO)	||| ETL finished!
2022-06-12 21:06:42,097 (INFO)	||| test finished!
2022-06-12 21:06:42,098 (INFO)	||| Initing extract of ETL to obtain BTC historical data in CNY value!
2022-06-12 21:06:43,586 (INFO)	||| Initing data transform of BTC historical data!
2022-06-12 21:06:43,592 (INFO)	||| ETL finished!
2022-06-12 21:06:43,593 (INFO)	||| test finished!
2022-06-12 21:06:43,595 (INFO)	||| Initing extract of ETL to obtain BTC historical data in EUR value!
2022-06-12 21:06:44,203 (INFO)	||| Initing data transform of BTC historical data!
2022-06-12 21:06:44,219 (INFO)	||| ETL finished!
2022-06-12 21:06:44,220 (INFO)	||| test finished!
2022-06-12 21:06:44,222 (INFO)	||| Initing extract of ETL to obtain BTC historical data in GBP value!
2022-06-12 21:06:45,030 (INFO)	||| Initing data transform of BTC historical data!
2022-06-12 21:06:45,039 (INFO)	||| ETL finished!
2022-06-12 21:06:45,040 (INFO)	||| test finished!
2022-06-12 21:08:44,216 (INFO)	||| Initing extract of ETL to obtain BTC historical data in USD value!
2022-06-12 21:08:45,691 (INFO)	||| Initing data transform of BTC historical data!
2022-06-12 21:08:45,707 (INFO)	||| ETL finished!
